<?xml version="1.0" encoding="UTF-8"?>
<!-- Generated by org.testng.reporters.JUnitXMLReporter -->
<testsuite hostname="QSP-Prashant" name="Default test" tests="2" failures="0" timestamp="4 Oct 2019 08:17:26 GMT" time="110.71" errors="0">
  <testcase name="tc01_SalesForceSignUp" time="50.485" classname="com.qsptechnologies.PageFactory_model.modules.testCases.SalesForceSignUp_TC01"/>
  <testcase name="tc02_SalesForceSignUp" time="58.817" classname="com.qsptechnologies.PageFactory_model.modules.testCases.SalesForceSignUp_TC02"/>
</testsuite> <!-- Default test -->
