<?xml version="1.0" encoding="UTF-8"?>
<testng-results skipped="0" failed="0" total="2" passed="2">
  <reporter-output>
    <line>
      <![CDATA[<a href='C:\LatestEclipseData\PageFactory_model\src\test\resources\screenshot\Screenshot_2019.09.273.13.09.19.png'> <img src='C:\LatestEclipseData\PageFactory_model\src\test\resources\screenshot\Screenshot_2019.09.273.13.09.19.png' height='100' width='100'/> </a>]]>
    </line>
    <line>
      <![CDATA[User has been redirected to the Login | Salesforce Application.]]>
    </line>
    <line>
      <![CDATA[<a href='C:\LatestEclipseData\PageFactory_model\src\test\resources\screenshot\Screenshot_2019.09.273.13.09.26.png'> <img src='C:\LatestEclipseData\PageFactory_model\src\test\resources\screenshot\Screenshot_2019.09.273.13.09.26.png' height='100' width='100'/> </a>]]>
    </line>
    <line>
      <![CDATA[Click on Try It Free Button]]>
    </line>
    <line>
      <![CDATA[<a href='C:\LatestEclipseData\PageFactory_model\src\test\resources\screenshot\Screenshot_2019.09.273.13.09.27.png'> <img src='C:\LatestEclipseData\PageFactory_model\src\test\resources\screenshot\Screenshot_2019.09.273.13.09.27.png' height='100' width='100'/> </a>]]>
    </line>
    <line>
      <![CDATA[First Name Has been Entered]]>
    </line>
    <line>
      <![CDATA[<a href='C:\LatestEclipseData\PageFactory_model\src\test\resources\screenshot\Screenshot_2019.09.273.13.09.28.png'> <img src='C:\LatestEclipseData\PageFactory_model\src\test\resources\screenshot\Screenshot_2019.09.273.13.09.28.png' height='100' width='100'/> </a>]]>
    </line>
    <line>
      <![CDATA[Last Name Has been Entered]]>
    </line>
    <line>
      <![CDATA[<a href='C:\LatestEclipseData\PageFactory_model\src\test\resources\screenshot\Screenshot_2019.09.273.13.09.28.png'> <img src='C:\LatestEclipseData\PageFactory_model\src\test\resources\screenshot\Screenshot_2019.09.273.13.09.28.png' height='100' width='100'/> </a>]]>
    </line>
    <line>
      <![CDATA[Job Title has been Selected]]>
    </line>
    <line>
      <![CDATA[<a href='C:\LatestEclipseData\PageFactory_model\src\test\resources\screenshot\Screenshot_2019.09.273.13.09.30.png'> <img src='C:\LatestEclipseData\PageFactory_model\src\test\resources\screenshot\Screenshot_2019.09.273.13.09.30.png' height='100' width='100'/> </a>]]>
    </line>
    <line>
      <![CDATA[Email ID Has been Entered]]>
    </line>
    <line>
      <![CDATA[<a href='C:\LatestEclipseData\PageFactory_model\src\test\resources\screenshot\Screenshot_2019.09.273.13.09.31.png'> <img src='C:\LatestEclipseData\PageFactory_model\src\test\resources\screenshot\Screenshot_2019.09.273.13.09.31.png' height='100' width='100'/> </a>]]>
    </line>
    <line>
      <![CDATA[Phone Number Has been Entered]]>
    </line>
    <line>
      <![CDATA[<a href='C:\LatestEclipseData\PageFactory_model\src\test\resources\screenshot\Screenshot_2019.09.273.13.09.32.png'> <img src='C:\LatestEclipseData\PageFactory_model\src\test\resources\screenshot\Screenshot_2019.09.273.13.09.32.png' height='100' width='100'/> </a>]]>
    </line>
    <line>
      <![CDATA[Company Name Has been Entered]]>
    </line>
    <line>
      <![CDATA[<a href='C:\LatestEclipseData\PageFactory_model\src\test\resources\screenshot\Screenshot_2019.09.273.13.09.33.png'> <img src='C:\LatestEclipseData\PageFactory_model\src\test\resources\screenshot\Screenshot_2019.09.273.13.09.33.png' height='100' width='100'/> </a>]]>
    </line>
    <line>
      <![CDATA[Employee has been Selected]]>
    </line>
    <line>
      <![CDATA[<a href='C:\LatestEclipseData\PageFactory_model\src\test\resources\screenshot\Screenshot_2019.09.273.13.09.34.png'> <img src='C:\LatestEclipseData\PageFactory_model\src\test\resources\screenshot\Screenshot_2019.09.273.13.09.34.png' height='100' width='100'/> </a>]]>
    </line>
    <line>
      <![CDATA[Country has been Selected]]>
    </line>
    <line>
      <![CDATA[<a href='C:\LatestEclipseData\PageFactory_model\src\test\resources\screenshot\Screenshot_2019.09.273.13.09.34.png'> <img src='C:\LatestEclipseData\PageFactory_model\src\test\resources\screenshot\Screenshot_2019.09.273.13.09.34.png' height='100' width='100'/> </a>]]>
    </line>
    <line>
      <![CDATA[Click on Turms And Condition]]>
    </line>
    <line>
      <![CDATA[<a href='C:\LatestEclipseData\PageFactory_model\src\test\resources\screenshot\Screenshot_2019.09.273.13.09.53.png'> <img src='C:\LatestEclipseData\PageFactory_model\src\test\resources\screenshot\Screenshot_2019.09.273.13.09.53.png' height='100' width='100'/> </a>]]>
    </line>
    <line>
      <![CDATA[Click on Submit Button]]>
    </line>
    <line>
      <![CDATA[*** Script execution for tc01_SalesForceSignUp is completed. *** ]]>
    </line>
    <line>
      <![CDATA[<a href='C:\LatestEclipseData\PageFactory_model\src\test\resources\screenshot\Screenshot_2019.09.273.13.10.03.png'> <img src='C:\LatestEclipseData\PageFactory_model\src\test\resources\screenshot\Screenshot_2019.09.273.13.10.03.png' height='100' width='100'/> </a>]]>
    </line>
    <line>
      <![CDATA[User has been redirected to the Login | Salesforce Application.]]>
    </line>
    <line>
      <![CDATA[<a href='C:\LatestEclipseData\PageFactory_model\src\test\resources\screenshot\Screenshot_2019.09.273.13.10.08.png'> <img src='C:\LatestEclipseData\PageFactory_model\src\test\resources\screenshot\Screenshot_2019.09.273.13.10.08.png' height='100' width='100'/> </a>]]>
    </line>
    <line>
      <![CDATA[Click on Try It Free Button]]>
    </line>
    <line>
      <![CDATA[<a href='C:\LatestEclipseData\PageFactory_model\src\test\resources\screenshot\Screenshot_2019.09.273.13.10.09.png'> <img src='C:\LatestEclipseData\PageFactory_model\src\test\resources\screenshot\Screenshot_2019.09.273.13.10.09.png' height='100' width='100'/> </a>]]>
    </line>
    <line>
      <![CDATA[First Name Has been Entered]]>
    </line>
    <line>
      <![CDATA[<a href='C:\LatestEclipseData\PageFactory_model\src\test\resources\screenshot\Screenshot_2019.09.273.13.10.10.png'> <img src='C:\LatestEclipseData\PageFactory_model\src\test\resources\screenshot\Screenshot_2019.09.273.13.10.10.png' height='100' width='100'/> </a>]]>
    </line>
    <line>
      <![CDATA[Last Name Has been Entered]]>
    </line>
    <line>
      <![CDATA[<a href='C:\LatestEclipseData\PageFactory_model\src\test\resources\screenshot\Screenshot_2019.09.273.13.10.11.png'> <img src='C:\LatestEclipseData\PageFactory_model\src\test\resources\screenshot\Screenshot_2019.09.273.13.10.11.png' height='100' width='100'/> </a>]]>
    </line>
    <line>
      <![CDATA[Job Title has been Selected]]>
    </line>
    <line>
      <![CDATA[<a href='C:\LatestEclipseData\PageFactory_model\src\test\resources\screenshot\Screenshot_2019.09.273.13.10.13.png'> <img src='C:\LatestEclipseData\PageFactory_model\src\test\resources\screenshot\Screenshot_2019.09.273.13.10.13.png' height='100' width='100'/> </a>]]>
    </line>
    <line>
      <![CDATA[Email ID Has been Entered]]>
    </line>
    <line>
      <![CDATA[<a href='C:\LatestEclipseData\PageFactory_model\src\test\resources\screenshot\Screenshot_2019.09.273.13.10.14.png'> <img src='C:\LatestEclipseData\PageFactory_model\src\test\resources\screenshot\Screenshot_2019.09.273.13.10.14.png' height='100' width='100'/> </a>]]>
    </line>
    <line>
      <![CDATA[Phone Number Has been Entered]]>
    </line>
    <line>
      <![CDATA[<a href='C:\LatestEclipseData\PageFactory_model\src\test\resources\screenshot\Screenshot_2019.09.273.13.10.15.png'> <img src='C:\LatestEclipseData\PageFactory_model\src\test\resources\screenshot\Screenshot_2019.09.273.13.10.15.png' height='100' width='100'/> </a>]]>
    </line>
    <line>
      <![CDATA[Company Name Has been Entered]]>
    </line>
    <line>
      <![CDATA[<a href='C:\LatestEclipseData\PageFactory_model\src\test\resources\screenshot\Screenshot_2019.09.273.13.10.16.png'> <img src='C:\LatestEclipseData\PageFactory_model\src\test\resources\screenshot\Screenshot_2019.09.273.13.10.16.png' height='100' width='100'/> </a>]]>
    </line>
    <line>
      <![CDATA[Employee has been Selected]]>
    </line>
    <line>
      <![CDATA[<a href='C:\LatestEclipseData\PageFactory_model\src\test\resources\screenshot\Screenshot_2019.09.273.13.10.26.png'> <img src='C:\LatestEclipseData\PageFactory_model\src\test\resources\screenshot\Screenshot_2019.09.273.13.10.26.png' height='100' width='100'/> </a>]]>
    </line>
    <line>
      <![CDATA[Country not been select because of Cannot locate option with value: I
For documentation on this error, please visit: https://www.seleniumhq.org/exceptions/no_such_element.html
Build info: version: '3.141.59', revision: 'e82be7d358', time: '2018-11-14T08:17:03'
System info: host: 'QSP-PRASHANT', ip: '10.10.5.96', os.name: 'Windows 7', os.arch: 'amd64', os.version: '6.1', java.version: '1.8.0_221'
Driver info: driver.version: unknown]]>
    </line>
    <line>
      <![CDATA[<a href='C:\LatestEclipseData\PageFactory_model\src\test\resources\screenshot\Screenshot_2019.09.273.13.10.27.png'> <img src='C:\LatestEclipseData\PageFactory_model\src\test\resources\screenshot\Screenshot_2019.09.273.13.10.27.png' height='100' width='100'/> </a>]]>
    </line>
    <line>
      <![CDATA[Click on Turms And Condition]]>
    </line>
    <line>
      <![CDATA[<a href='C:\LatestEclipseData\PageFactory_model\src\test\resources\screenshot\Screenshot_2019.09.273.13.10.53.png'> <img src='C:\LatestEclipseData\PageFactory_model\src\test\resources\screenshot\Screenshot_2019.09.273.13.10.53.png' height='100' width='100'/> </a>]]>
    </line>
    <line>
      <![CDATA[Click on Submit Button]]>
    </line>
    <line>
      <![CDATA[*** Script execution for tc02_SalesForceSignUp is completed. *** ]]>
    </line>
  </reporter-output>
  <suite name="Default suite" duration-ms="105763" started-at="2019-09-30T07:39:08Z" finished-at="2019-09-30T07:40:54Z">
    <groups>
    </groups>
    <test name="Default test" duration-ms="105763" started-at="2019-09-30T07:39:08Z" finished-at="2019-09-30T07:40:54Z">
      <class name="com.qsptechnologies.PageFactory_model.modules.testCases.SalesForceSignUp_TC01">
        <test-method status="PASS" signature="loadingFiles()[pri:0, instance:com.qsptechnologies.PageFactory_model.modules.testCases.SalesForceSignUp_TC01@6293abcc]" name="loadingFiles" is-config="true" duration-ms="199" started-at="2019-09-30T13:09:08Z" finished-at="2019-09-30T13:09:08Z">
          <reporter-output>
          </reporter-output>
        </test-method> <!-- loadingFiles -->
        <test-method status="PASS" signature="isSkip()[pri:0, instance:com.qsptechnologies.PageFactory_model.modules.testCases.SalesForceSignUp_TC01@6293abcc]" name="isSkip" is-config="true" duration-ms="0" started-at="2019-09-30T13:09:08Z" finished-at="2019-09-30T13:09:08Z">
          <reporter-output>
          </reporter-output>
        </test-method> <!-- isSkip -->
        <test-method status="PASS" signature="tc01_SalesForceSignUp(java.util.Hashtable)[pri:0, instance:com.qsptechnologies.PageFactory_model.modules.testCases.SalesForceSignUp_TC01@6293abcc]" name="tc01_SalesForceSignUp" duration-ms="45581" started-at="2019-09-30T13:09:08Z" data-provider="Data_Collections" finished-at="2019-09-30T13:09:53Z">
          <params>
            <param index="0">
              <value>
                <![CDATA[{Phone_Number=9766071212, Email_ID=rakesh.pathade987@gmail.com, Password=Rakesh@195, Iteration=1, Company_Name=AP Software, First_Name=Rakesh, Last_Name=Pathade}]]>
              </value>
            </param>
          </params>
          <reporter-output>
            <line>
              <![CDATA[<a href='C:\LatestEclipseData\PageFactory_model\src\test\resources\screenshot\Screenshot_2019.09.273.13.09.19.png'> <img src='C:\LatestEclipseData\PageFactory_model\src\test\resources\screenshot\Screenshot_2019.09.273.13.09.19.png' height='100' width='100'/> </a>]]>
            </line>
            <line>
              <![CDATA[User has been redirected to the Login | Salesforce Application.]]>
            </line>
            <line>
              <![CDATA[<a href='C:\LatestEclipseData\PageFactory_model\src\test\resources\screenshot\Screenshot_2019.09.273.13.09.26.png'> <img src='C:\LatestEclipseData\PageFactory_model\src\test\resources\screenshot\Screenshot_2019.09.273.13.09.26.png' height='100' width='100'/> </a>]]>
            </line>
            <line>
              <![CDATA[Click on Try It Free Button]]>
            </line>
            <line>
              <![CDATA[<a href='C:\LatestEclipseData\PageFactory_model\src\test\resources\screenshot\Screenshot_2019.09.273.13.09.27.png'> <img src='C:\LatestEclipseData\PageFactory_model\src\test\resources\screenshot\Screenshot_2019.09.273.13.09.27.png' height='100' width='100'/> </a>]]>
            </line>
            <line>
              <![CDATA[First Name Has been Entered]]>
            </line>
            <line>
              <![CDATA[<a href='C:\LatestEclipseData\PageFactory_model\src\test\resources\screenshot\Screenshot_2019.09.273.13.09.28.png'> <img src='C:\LatestEclipseData\PageFactory_model\src\test\resources\screenshot\Screenshot_2019.09.273.13.09.28.png' height='100' width='100'/> </a>]]>
            </line>
            <line>
              <![CDATA[Last Name Has been Entered]]>
            </line>
            <line>
              <![CDATA[<a href='C:\LatestEclipseData\PageFactory_model\src\test\resources\screenshot\Screenshot_2019.09.273.13.09.28.png'> <img src='C:\LatestEclipseData\PageFactory_model\src\test\resources\screenshot\Screenshot_2019.09.273.13.09.28.png' height='100' width='100'/> </a>]]>
            </line>
            <line>
              <![CDATA[Job Title has been Selected]]>
            </line>
            <line>
              <![CDATA[<a href='C:\LatestEclipseData\PageFactory_model\src\test\resources\screenshot\Screenshot_2019.09.273.13.09.30.png'> <img src='C:\LatestEclipseData\PageFactory_model\src\test\resources\screenshot\Screenshot_2019.09.273.13.09.30.png' height='100' width='100'/> </a>]]>
            </line>
            <line>
              <![CDATA[Email ID Has been Entered]]>
            </line>
            <line>
              <![CDATA[<a href='C:\LatestEclipseData\PageFactory_model\src\test\resources\screenshot\Screenshot_2019.09.273.13.09.31.png'> <img src='C:\LatestEclipseData\PageFactory_model\src\test\resources\screenshot\Screenshot_2019.09.273.13.09.31.png' height='100' width='100'/> </a>]]>
            </line>
            <line>
              <![CDATA[Phone Number Has been Entered]]>
            </line>
            <line>
              <![CDATA[<a href='C:\LatestEclipseData\PageFactory_model\src\test\resources\screenshot\Screenshot_2019.09.273.13.09.32.png'> <img src='C:\LatestEclipseData\PageFactory_model\src\test\resources\screenshot\Screenshot_2019.09.273.13.09.32.png' height='100' width='100'/> </a>]]>
            </line>
            <line>
              <![CDATA[Company Name Has been Entered]]>
            </line>
            <line>
              <![CDATA[<a href='C:\LatestEclipseData\PageFactory_model\src\test\resources\screenshot\Screenshot_2019.09.273.13.09.33.png'> <img src='C:\LatestEclipseData\PageFactory_model\src\test\resources\screenshot\Screenshot_2019.09.273.13.09.33.png' height='100' width='100'/> </a>]]>
            </line>
            <line>
              <![CDATA[Employee has been Selected]]>
            </line>
            <line>
              <![CDATA[<a href='C:\LatestEclipseData\PageFactory_model\src\test\resources\screenshot\Screenshot_2019.09.273.13.09.34.png'> <img src='C:\LatestEclipseData\PageFactory_model\src\test\resources\screenshot\Screenshot_2019.09.273.13.09.34.png' height='100' width='100'/> </a>]]>
            </line>
            <line>
              <![CDATA[Country has been Selected]]>
            </line>
            <line>
              <![CDATA[<a href='C:\LatestEclipseData\PageFactory_model\src\test\resources\screenshot\Screenshot_2019.09.273.13.09.34.png'> <img src='C:\LatestEclipseData\PageFactory_model\src\test\resources\screenshot\Screenshot_2019.09.273.13.09.34.png' height='100' width='100'/> </a>]]>
            </line>
            <line>
              <![CDATA[Click on Turms And Condition]]>
            </line>
            <line>
              <![CDATA[<a href='C:\LatestEclipseData\PageFactory_model\src\test\resources\screenshot\Screenshot_2019.09.273.13.09.53.png'> <img src='C:\LatestEclipseData\PageFactory_model\src\test\resources\screenshot\Screenshot_2019.09.273.13.09.53.png' height='100' width='100'/> </a>]]>
            </line>
            <line>
              <![CDATA[Click on Submit Button]]>
            </line>
            <line>
              <![CDATA[*** Script execution for tc01_SalesForceSignUp is completed. *** ]]>
            </line>
          </reporter-output>
        </test-method> <!-- tc01_SalesForceSignUp -->
        <test-method status="PASS" signature="writeIntoExtentReport()[pri:0, instance:com.qsptechnologies.PageFactory_model.modules.testCases.SalesForceSignUp_TC01@6293abcc]" name="writeIntoExtentReport" is-config="true" duration-ms="417" started-at="2019-09-30T13:10:54Z" finished-at="2019-09-30T13:10:54Z">
          <reporter-output>
          </reporter-output>
        </test-method> <!-- writeIntoExtentReport -->
      </class> <!-- com.qsptechnologies.PageFactory_model.modules.testCases.SalesForceSignUp_TC01 -->
      <class name="com.qsptechnologies.PageFactory_model.modules.testCases.SalesForceSignUp_TC02">
        <test-method status="PASS" signature="isSkip()[pri:0, instance:com.qsptechnologies.PageFactory_model.modules.testCases.SalesForceSignUp_TC02@7995092a]" name="isSkip" is-config="true" duration-ms="1" started-at="2019-09-30T13:09:54Z" finished-at="2019-09-30T13:09:54Z">
          <reporter-output>
          </reporter-output>
        </test-method> <!-- isSkip -->
        <test-method status="PASS" signature="tc02_SalesForceSignUp(java.util.Hashtable)[pri:0, instance:com.qsptechnologies.PageFactory_model.modules.testCases.SalesForceSignUp_TC02@7995092a]" name="tc02_SalesForceSignUp" duration-ms="58707" started-at="2019-09-30T13:09:54Z" data-provider="Data_Collections" finished-at="2019-09-30T13:10:53Z">
          <params>
            <param index="0">
              <value>
                <![CDATA[{Phone_Number=9766071212, Email_ID=rakesh.pathade987@gmail.com, Password=Rakesh@195, Iteration=1, Company_Name=AP Software, First_Name=Rakesh, Last_Name=Pathade}]]>
              </value>
            </param>
          </params>
          <reporter-output>
            <line>
              <![CDATA[<a href='C:\LatestEclipseData\PageFactory_model\src\test\resources\screenshot\Screenshot_2019.09.273.13.10.03.png'> <img src='C:\LatestEclipseData\PageFactory_model\src\test\resources\screenshot\Screenshot_2019.09.273.13.10.03.png' height='100' width='100'/> </a>]]>
            </line>
            <line>
              <![CDATA[User has been redirected to the Login | Salesforce Application.]]>
            </line>
            <line>
              <![CDATA[<a href='C:\LatestEclipseData\PageFactory_model\src\test\resources\screenshot\Screenshot_2019.09.273.13.10.08.png'> <img src='C:\LatestEclipseData\PageFactory_model\src\test\resources\screenshot\Screenshot_2019.09.273.13.10.08.png' height='100' width='100'/> </a>]]>
            </line>
            <line>
              <![CDATA[Click on Try It Free Button]]>
            </line>
            <line>
              <![CDATA[<a href='C:\LatestEclipseData\PageFactory_model\src\test\resources\screenshot\Screenshot_2019.09.273.13.10.09.png'> <img src='C:\LatestEclipseData\PageFactory_model\src\test\resources\screenshot\Screenshot_2019.09.273.13.10.09.png' height='100' width='100'/> </a>]]>
            </line>
            <line>
              <![CDATA[First Name Has been Entered]]>
            </line>
            <line>
              <![CDATA[<a href='C:\LatestEclipseData\PageFactory_model\src\test\resources\screenshot\Screenshot_2019.09.273.13.10.10.png'> <img src='C:\LatestEclipseData\PageFactory_model\src\test\resources\screenshot\Screenshot_2019.09.273.13.10.10.png' height='100' width='100'/> </a>]]>
            </line>
            <line>
              <![CDATA[Last Name Has been Entered]]>
            </line>
            <line>
              <![CDATA[<a href='C:\LatestEclipseData\PageFactory_model\src\test\resources\screenshot\Screenshot_2019.09.273.13.10.11.png'> <img src='C:\LatestEclipseData\PageFactory_model\src\test\resources\screenshot\Screenshot_2019.09.273.13.10.11.png' height='100' width='100'/> </a>]]>
            </line>
            <line>
              <![CDATA[Job Title has been Selected]]>
            </line>
            <line>
              <![CDATA[<a href='C:\LatestEclipseData\PageFactory_model\src\test\resources\screenshot\Screenshot_2019.09.273.13.10.13.png'> <img src='C:\LatestEclipseData\PageFactory_model\src\test\resources\screenshot\Screenshot_2019.09.273.13.10.13.png' height='100' width='100'/> </a>]]>
            </line>
            <line>
              <![CDATA[Email ID Has been Entered]]>
            </line>
            <line>
              <![CDATA[<a href='C:\LatestEclipseData\PageFactory_model\src\test\resources\screenshot\Screenshot_2019.09.273.13.10.14.png'> <img src='C:\LatestEclipseData\PageFactory_model\src\test\resources\screenshot\Screenshot_2019.09.273.13.10.14.png' height='100' width='100'/> </a>]]>
            </line>
            <line>
              <![CDATA[Phone Number Has been Entered]]>
            </line>
            <line>
              <![CDATA[<a href='C:\LatestEclipseData\PageFactory_model\src\test\resources\screenshot\Screenshot_2019.09.273.13.10.15.png'> <img src='C:\LatestEclipseData\PageFactory_model\src\test\resources\screenshot\Screenshot_2019.09.273.13.10.15.png' height='100' width='100'/> </a>]]>
            </line>
            <line>
              <![CDATA[Company Name Has been Entered]]>
            </line>
            <line>
              <![CDATA[<a href='C:\LatestEclipseData\PageFactory_model\src\test\resources\screenshot\Screenshot_2019.09.273.13.10.16.png'> <img src='C:\LatestEclipseData\PageFactory_model\src\test\resources\screenshot\Screenshot_2019.09.273.13.10.16.png' height='100' width='100'/> </a>]]>
            </line>
            <line>
              <![CDATA[Employee has been Selected]]>
            </line>
            <line>
              <![CDATA[<a href='C:\LatestEclipseData\PageFactory_model\src\test\resources\screenshot\Screenshot_2019.09.273.13.10.26.png'> <img src='C:\LatestEclipseData\PageFactory_model\src\test\resources\screenshot\Screenshot_2019.09.273.13.10.26.png' height='100' width='100'/> </a>]]>
            </line>
            <line>
              <![CDATA[Country not been select because of Cannot locate option with value: I
For documentation on this error, please visit: https://www.seleniumhq.org/exceptions/no_such_element.html
Build info: version: '3.141.59', revision: 'e82be7d358', time: '2018-11-14T08:17:03'
System info: host: 'QSP-PRASHANT', ip: '10.10.5.96', os.name: 'Windows 7', os.arch: 'amd64', os.version: '6.1', java.version: '1.8.0_221'
Driver info: driver.version: unknown]]>
            </line>
            <line>
              <![CDATA[<a href='C:\LatestEclipseData\PageFactory_model\src\test\resources\screenshot\Screenshot_2019.09.273.13.10.27.png'> <img src='C:\LatestEclipseData\PageFactory_model\src\test\resources\screenshot\Screenshot_2019.09.273.13.10.27.png' height='100' width='100'/> </a>]]>
            </line>
            <line>
              <![CDATA[Click on Turms And Condition]]>
            </line>
            <line>
              <![CDATA[<a href='C:\LatestEclipseData\PageFactory_model\src\test\resources\screenshot\Screenshot_2019.09.273.13.10.53.png'> <img src='C:\LatestEclipseData\PageFactory_model\src\test\resources\screenshot\Screenshot_2019.09.273.13.10.53.png' height='100' width='100'/> </a>]]>
            </line>
            <line>
              <![CDATA[Click on Submit Button]]>
            </line>
            <line>
              <![CDATA[*** Script execution for tc02_SalesForceSignUp is completed. *** ]]>
            </line>
          </reporter-output>
        </test-method> <!-- tc02_SalesForceSignUp -->
      </class> <!-- com.qsptechnologies.PageFactory_model.modules.testCases.SalesForceSignUp_TC02 -->
    </test> <!-- Default test -->
  </suite> <!-- Default suite -->
</testng-results>
